[debug] [2024-01-06T08:17:17.166Z] ----------------------------------------------------------------------
[debug] [2024-01-06T08:17:17.167Z] Command:       /home/yaseen/.nvm/versions/node/v18.19.0/bin/node /home/yaseen/.nvm/versions/node/v18.19.0/bin/firebase init
[debug] [2024-01-06T08:17:17.167Z] CLI Version:   13.0.2
[debug] [2024-01-06T08:17:17.168Z] Platform:      linux
[debug] [2024-01-06T08:17:17.168Z] Node Version:  v18.19.0
[debug] [2024-01-06T08:17:17.168Z] Time:          Sat Jan 06 2024 13:47:17 GMT+0530 (India Standard Time)
[debug] [2024-01-06T08:17:17.168Z] ----------------------------------------------------------------------
[debug] 
[debug] [2024-01-06T08:17:17.172Z] > command requires scopes: ["email","openid","https://www.googleapis.com/auth/cloudplatformprojects.readonly","https://www.googleapis.com/auth/firebase","https://www.googleapis.com/auth/cloud-platform"]
[debug] [2024-01-06T08:17:17.172Z] > authorizing via signed-in user (whatsapp@shaheengroup.org)
[info] 
     ######## #### ########  ######## ########     ###     ######  ########
     ##        ##  ##     ## ##       ##     ##  ##   ##  ##       ##
     ######    ##  ########  ######   ########  #########  ######  ######
     ##        ##  ##    ##  ##       ##     ## ##     ##       ## ##
     ##       #### ##     ## ######## ########  ##     ##  ######  ########

You're about to initialize a Firebase project in this directory:

  /home/yaseen/Desktop/standard touch/shaheen namaz cloud

[info] 
=== Account Setup
[info] 
[info] Which account do you want to use for this project? Choose an account or add a new one now
[info] 
[debug] [2024-01-06T08:18:06.724Z] setProjectAccount(/home/yaseen/Desktop/standard touch/shaheen namaz cloud, whatsapp@shaheengroup.org)
[info] 
[info] ✔  Using account: whatsapp@shaheengroup.org 
[info] 
=== Project Setup
[info] 
[info] First, let's associate this project directory with a Firebase project.
[info] You can create multiple project aliases by running firebase use --add, 
[info] but for now we'll just set up a default project.
[info] 
[debug] [2024-01-06T08:18:37.020Z] >>> [apiv2][query] GET https://firebase.googleapis.com/v1beta1/projects pageSize=100
[debug] [2024-01-06T08:18:37.825Z] <<< [apiv2][status] GET https://firebase.googleapis.com/v1beta1/projects 200
[debug] [2024-01-06T08:18:37.825Z] <<< [apiv2][body] GET https://firebase.googleapis.com/v1beta1/projects [omitted]
[info] i  Using project shaheen-namaz (Shaheen Namaz) 
[info] 
=== Firestore Setup
[debug] [2024-01-06T08:18:39.588Z] >>> [apiv2][query] GET https://serviceusage.googleapis.com/v1/projects/shaheen-namaz/services/firestore.googleapis.com [none]
[debug] [2024-01-06T08:18:39.588Z] >>> [apiv2][(partial)header] GET https://serviceusage.googleapis.com/v1/projects/shaheen-namaz/services/firestore.googleapis.com x-goog-quota-user=projects/shaheen-namaz
[debug] [2024-01-06T08:18:41.602Z] <<< [apiv2][status] GET https://serviceusage.googleapis.com/v1/projects/shaheen-namaz/services/firestore.googleapis.com 200
[debug] [2024-01-06T08:18:41.603Z] <<< [apiv2][body] GET https://serviceusage.googleapis.com/v1/projects/shaheen-namaz/services/firestore.googleapis.com [omitted]
[debug] [2024-01-06T08:18:41.605Z] >>> [apiv2][query] GET https://firestore.googleapis.com/v1/projects/shaheen-namaz/databases/(default) [none]
[debug] [2024-01-06T08:18:42.213Z] <<< [apiv2][status] GET https://firestore.googleapis.com/v1/projects/shaheen-namaz/databases/(default) 200
[debug] [2024-01-06T08:18:42.213Z] <<< [apiv2][body] GET https://firestore.googleapis.com/v1/projects/shaheen-namaz/databases/(default) {"name":"projects/shaheen-namaz/databases/(default)","uid":"44686c0d-fb7a-4d3b-bbd7-f92a767c43e5","createTime":"2024-01-05T05:03:19.706746Z","updateTime":"2024-01-05T05:03:19.706746Z","locationId":"asia-south1","type":"FIRESTORE_NATIVE","concurrencyMode":"PESSIMISTIC","versionRetentionPeriod":"3600s","earliestVersionTime":"2024-01-06T07:18:42.159946Z","appEngineIntegrationMode":"DISABLED","keyPrefix":"j","pointInTimeRecoveryEnablement":"POINT_IN_TIME_RECOVERY_DISABLED","deleteProtectionState":"DELETE_PROTECTION_DISABLED","etag":"IOHW1+apyIMDMNmJsfW9xYMD"}
[debug] [2024-01-06T08:18:42.213Z] database_type: FIRESTORE_NATIVE
[debug] [2024-01-06T08:18:42.213Z] > command requires scopes: ["email","openid","https://www.googleapis.com/auth/cloudplatformprojects.readonly","https://www.googleapis.com/auth/firebase","https://www.googleapis.com/auth/cloud-platform"]
[debug] [2024-01-06T08:18:42.214Z] > authorizing via signed-in user (whatsapp@shaheengroup.org)
[debug] [2024-01-06T08:18:42.214Z] [iam] checking project shaheen-namaz for permissions ["firebase.projects.get"]
[debug] [2024-01-06T08:18:42.214Z] >>> [apiv2][query] POST https://cloudresourcemanager.googleapis.com/v1/projects/shaheen-namaz:testIamPermissions [none]
[debug] [2024-01-06T08:18:42.215Z] >>> [apiv2][(partial)header] POST https://cloudresourcemanager.googleapis.com/v1/projects/shaheen-namaz:testIamPermissions x-goog-quota-user=projects/shaheen-namaz
[debug] [2024-01-06T08:18:42.215Z] >>> [apiv2][body] POST https://cloudresourcemanager.googleapis.com/v1/projects/shaheen-namaz:testIamPermissions {"permissions":["firebase.projects.get"]}
[debug] [2024-01-06T08:18:43.750Z] <<< [apiv2][status] POST https://cloudresourcemanager.googleapis.com/v1/projects/shaheen-namaz:testIamPermissions 200
[debug] [2024-01-06T08:18:43.751Z] <<< [apiv2][body] POST https://cloudresourcemanager.googleapis.com/v1/projects/shaheen-namaz:testIamPermissions {"permissions":["firebase.projects.get"]}
[info] 
[info] Firestore Security Rules allow you to define how and when to allow
[info] requests. You can keep these rules in your project directory
[info] and publish them with firebase deploy.
[info] 
[debug] [2024-01-06T08:18:49.684Z] >>> [apiv2][query] GET https://firebaserules.googleapis.com/v1/projects/shaheen-namaz/releases pageSize=10&pageToken=
[debug] [2024-01-06T08:18:51.333Z] <<< [apiv2][status] GET https://firebaserules.googleapis.com/v1/projects/shaheen-namaz/releases 200
[debug] [2024-01-06T08:18:51.334Z] <<< [apiv2][body] GET https://firebaserules.googleapis.com/v1/projects/shaheen-namaz/releases {"releases":[{"name":"projects/shaheen-namaz/releases/cloud.firestore","rulesetName":"projects/shaheen-namaz/rulesets/ebc3c814-f887-4573-af5d-191bdd12d75c","createTime":"2024-01-05T05:03:27.263459Z","updateTime":"2024-01-05T05:03:27.263459Z"}]}
[debug] [2024-01-06T08:18:51.334Z] Found ruleset: projects/shaheen-namaz/rulesets/ebc3c814-f887-4573-af5d-191bdd12d75c
[debug] [2024-01-06T08:18:51.335Z] >>> [apiv2][query] GET https://firebaserules.googleapis.com/v1/projects/shaheen-namaz/rulesets/ebc3c814-f887-4573-af5d-191bdd12d75c [none]
[debug] [2024-01-06T08:18:52.837Z] <<< [apiv2][status] GET https://firebaserules.googleapis.com/v1/projects/shaheen-namaz/rulesets/ebc3c814-f887-4573-af5d-191bdd12d75c 200
[debug] [2024-01-06T08:18:52.838Z] <<< [apiv2][body] GET https://firebaserules.googleapis.com/v1/projects/shaheen-namaz/rulesets/ebc3c814-f887-4573-af5d-191bdd12d75c [omitted]
[info] 
[info] Firestore indexes allow you to perform complex queries while
[info] maintaining performance that scales with the size of the result
[info] set. You can keep index definitions in your project directory
[info] and publish them with firebase deploy.
[info] 
[debug] [2024-01-06T08:18:59.619Z] >>> [apiv2][query] GET https://firestore.googleapis.com/v1/projects/shaheen-namaz/databases/(default)/collectionGroups/-/indexes [none]
[debug] [2024-01-06T08:18:59.620Z] >>> [apiv2][query] GET https://firestore.googleapis.com/v1/projects/shaheen-namaz/databases/(default)/collectionGroups/-/fields?filter=indexConfig.usesAncestorConfig=false OR ttlConfig:* [none]
[debug] [2024-01-06T08:18:59.995Z] <<< [apiv2][status] GET https://firestore.googleapis.com/v1/projects/shaheen-namaz/databases/(default)/collectionGroups/-/indexes 200
[debug] [2024-01-06T08:18:59.995Z] <<< [apiv2][body] GET https://firestore.googleapis.com/v1/projects/shaheen-namaz/databases/(default)/collectionGroups/-/indexes {}
[debug] [2024-01-06T08:19:00.043Z] <<< [apiv2][status] GET https://firestore.googleapis.com/v1/projects/shaheen-namaz/databases/(default)/collectionGroups/-/fields?filter=indexConfig.usesAncestorConfig=false OR ttlConfig:* 200
[debug] [2024-01-06T08:19:00.044Z] <<< [apiv2][body] GET https://firestore.googleapis.com/v1/projects/shaheen-namaz/databases/(default)/collectionGroups/-/fields?filter=indexConfig.usesAncestorConfig=false OR ttlConfig:* {"fields":[{"name":"projects/shaheen-namaz/databases/(default)/collectionGroups/__default__/fields/*","indexConfig":{"indexes":[{"queryScope":"COLLECTION","fields":[{"fieldPath":"*","order":"ASCENDING"}],"state":"READY"},{"queryScope":"COLLECTION","fields":[{"fieldPath":"*","order":"DESCENDING"}],"state":"READY"},{"queryScope":"COLLECTION","fields":[{"fieldPath":"*","arrayConfig":"CONTAINS"}],"state":"READY"}]}}]}
[info] 
=== Functions Setup
[debug] [2024-01-06T08:19:00.045Z] > command requires scopes: ["email","openid","https://www.googleapis.com/auth/cloudplatformprojects.readonly","https://www.googleapis.com/auth/firebase","https://www.googleapis.com/auth/cloud-platform"]
[debug] [2024-01-06T08:19:00.046Z] > authorizing via signed-in user (whatsapp@shaheengroup.org)
[debug] [2024-01-06T08:19:00.046Z] [iam] checking project shaheen-namaz for permissions ["firebase.projects.get"]
[debug] [2024-01-06T08:19:00.046Z] >>> [apiv2][query] POST https://cloudresourcemanager.googleapis.com/v1/projects/shaheen-namaz:testIamPermissions [none]
[debug] [2024-01-06T08:19:00.046Z] >>> [apiv2][(partial)header] POST https://cloudresourcemanager.googleapis.com/v1/projects/shaheen-namaz:testIamPermissions x-goog-quota-user=projects/shaheen-namaz
[debug] [2024-01-06T08:19:00.047Z] >>> [apiv2][body] POST https://cloudresourcemanager.googleapis.com/v1/projects/shaheen-namaz:testIamPermissions {"permissions":["firebase.projects.get"]}
[debug] [2024-01-06T08:19:01.425Z] <<< [apiv2][status] POST https://cloudresourcemanager.googleapis.com/v1/projects/shaheen-namaz:testIamPermissions 200
[debug] [2024-01-06T08:19:01.426Z] <<< [apiv2][body] POST https://cloudresourcemanager.googleapis.com/v1/projects/shaheen-namaz:testIamPermissions {"permissions":["firebase.projects.get"]}
[debug] [2024-01-06T08:19:01.426Z] >>> [apiv2][query] GET https://serviceusage.googleapis.com/v1/projects/shaheen-namaz/services/cloudfunctions.googleapis.com [none]
[debug] [2024-01-06T08:19:01.426Z] >>> [apiv2][(partial)header] GET https://serviceusage.googleapis.com/v1/projects/shaheen-namaz/services/cloudfunctions.googleapis.com x-goog-quota-user=projects/shaheen-namaz
[debug] [2024-01-06T08:19:01.427Z] >>> [apiv2][query] GET https://serviceusage.googleapis.com/v1/projects/shaheen-namaz/services/runtimeconfig.googleapis.com [none]
[debug] [2024-01-06T08:19:01.428Z] >>> [apiv2][(partial)header] GET https://serviceusage.googleapis.com/v1/projects/shaheen-namaz/services/runtimeconfig.googleapis.com x-goog-quota-user=projects/shaheen-namaz
[debug] [2024-01-06T08:19:03.068Z] <<< [apiv2][status] GET https://serviceusage.googleapis.com/v1/projects/shaheen-namaz/services/cloudfunctions.googleapis.com 200
[debug] [2024-01-06T08:19:03.068Z] <<< [apiv2][body] GET https://serviceusage.googleapis.com/v1/projects/shaheen-namaz/services/cloudfunctions.googleapis.com [omitted]
[debug] [2024-01-06T08:19:03.068Z] <<< [apiv2][status] GET https://serviceusage.googleapis.com/v1/projects/shaheen-namaz/services/runtimeconfig.googleapis.com 200
[debug] [2024-01-06T08:19:03.068Z] <<< [apiv2][body] GET https://serviceusage.googleapis.com/v1/projects/shaheen-namaz/services/runtimeconfig.googleapis.com [omitted]
[info] Let's create a new codebase for your functions.
[info] A directory corresponding to the codebase will be created in your project
[info] with sample code pre-configured.

[info] See https://firebase.google.com/docs/functions/organize-functions for
[info] more information on organizing your functions using codebases.

[info] Functions can be deployed with firebase deploy.

[info] ✔  Wrote functions/requirements.txt 
[info] ✔  Wrote functions/.gitignore 
[info] ✔  Wrote functions/main.py 
[debug] [2024-01-06T08:19:14.409Z] Running command with virtualenv: command=., args=["\"/home/yaseen/Desktop/standard touch/shaheen namaz cloud/functions/venv/bin/activate\"","&&","pip3","install","--upgrade","pip"]
[debug] [2024-01-06T08:19:14.412Z] Running command with virtualenv: command=., args=["\"/home/yaseen/Desktop/standard touch/shaheen namaz cloud/functions/venv/bin/activate\"","&&","python3.11","-m","pip","install","-r","requirements.txt"]
[info] 
=== Hosting Setup
[debug] [2024-01-06T08:19:14.414Z] >>> [apiv2][query] GET https://firebase.googleapis.com/v1beta1/projects/shaheen-namaz [none]
[debug] [2024-01-06T08:19:14.914Z] <<< [apiv2][status] GET https://firebase.googleapis.com/v1beta1/projects/shaheen-namaz 200
[debug] [2024-01-06T08:19:14.914Z] <<< [apiv2][body] GET https://firebase.googleapis.com/v1beta1/projects/shaheen-namaz {"projectId":"shaheen-namaz","projectNumber":"154097110008","displayName":"Shaheen Namaz","name":"projects/shaheen-namaz","resources":{"hostingSite":"shaheen-namaz"},"state":"ACTIVE","etag":"1_6e39fb49-cace-4347-a8b0-d01b2aa89237"}
[info] 
[info] Your public directory is the folder (relative to your project directory) that
[info] will contain Hosting assets to be uploaded with firebase deploy. If you
[info] have a build process for your assets, use your build's output directory.
[info] 
[info] ✔  Wrote public/404.html 
[debug] [2024-01-06T08:19:52.514Z] >>> [apiv2][query] GET https://www.gstatic.com/firebasejs/releases.json [none]
[debug] [2024-01-06T08:19:52.665Z] <<< [apiv2][status] GET https://www.gstatic.com/firebasejs/releases.json 200
[debug] [2024-01-06T08:19:52.665Z] <<< [apiv2][body] GET https://www.gstatic.com/firebasejs/releases.json {"current":{"version":"10.7.1","browserURL":"https://www.gstatic.com/firebasejs/10.7.1/firebase.js","packageURL":"https://www.gstatic.com/firebasejs/10.7.1/firebase.tgz"},"live":{"version":"10.7","browserURL":"https://www.gstatic.com/firebasejs/live/10.7/firebase.js","packageURL":"https://www.gstatic.com/firebasejs/live/10.7/firebase.tgz"},"components":{"analytics":"https://www.gstatic.com/firebasejs/10.7.1/firebase-analytics.js","app":"https://www.gstatic.com/firebasejs/10.7.1/firebase-app.js","app-check":"https://www.gstatic.com/firebasejs/10.7.1/firebase-app-check.js","auth":"https://www.gstatic.com/firebasejs/10.7.1/firebase-auth.js","auth/cordova":"https://www.gstatic.com/firebasejs/10.7.1/firebase-auth/cordova.js","functions":"https://www.gstatic.com/firebasejs/10.7.1/firebase-functions.js","firestore":"https://www.gstatic.com/firebasejs/10.7.1/firebase-firestore.js","firestore/lite":"https://www.gstatic.com/firebasejs/10.7.1/firebase-firestore/lite.js","installations":"https://www.gstatic.com/firebasejs/10.7.1/firebase-installations.js","storage":"https://www.gstatic.com/firebasejs/10.7.1/firebase-storage.js","performance":"https://www.gstatic.com/firebasejs/10.7.1/firebase-performance.js","remote-config":"https://www.gstatic.com/firebasejs/10.7.1/firebase-remote-config.js","messaging":"https://www.gstatic.com/firebasejs/10.7.1/firebase-messaging.js","messaging/sw":"https://www.gstatic.com/firebasejs/10.7.1/firebase-messaging/sw.js","database":"https://www.gstatic.com/firebasejs/10.7.1/firebase-database.js","firestore.memory":"https://www.gstatic.com/firebasejs/10.7.1/firebase-firestore.memory.js"}}
[info] ✔  Wrote public/index.html 
[info] 
[info] i  Didn't detect a .git folder. Assuming /home/yaseen/Desktop/standard touch/shaheen namaz cloud is the project root. 
[info] i  Authorizing with GitHub to upload your service account to a GitHub repository's secrets store. 
[info] 
[info] Visit this URL on this device to log in:
[info] https://github.com/login/oauth/authorize?client_id=89cf50f02ac6aaed3484&state=48332392&redirect_uri=http%3A%2F%2Flocalhost%3A9005&scope=read%3Auser%20repo%20public_repo
[info] 
[info] Waiting for authentication...
[debug] [2024-01-06T08:20:57.875Z] >>> [apiv2][query] POST https://github.com/login/oauth/access_token [none]
[debug] [2024-01-06T08:20:57.875Z] >>> [apiv2][body] POST https://github.com/login/oauth/access_token [stream]
[debug] [2024-01-06T08:20:58.293Z] <<< [apiv2][status] POST https://github.com/login/oauth/access_token 200
[debug] [2024-01-06T08:20:58.294Z] <<< [apiv2][body] POST https://github.com/login/oauth/access_token {"access_token":"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","token_type":"bearer","scope":"read:user,repo"}
[debug] [2024-01-06T08:20:58.298Z] >>> [apiv2][query] GET https://api.github.com/user [none]
[debug] [2024-01-06T08:20:58.797Z] <<< [apiv2][status] GET https://api.github.com/user 200
[debug] [2024-01-06T08:20:58.797Z] <<< [apiv2][body] GET https://api.github.com/user {"login":"yaseeen96","id":53128093,"node_id":"MDQ6VXNlcjUzMTI4MDkz","avatar_url":"https://avatars.githubusercontent.com/u/53128093?v=4","gravatar_id":"","url":"https://api.github.com/users/yaseeen96","html_url":"https://github.com/yaseeen96","followers_url":"https://api.github.com/users/yaseeen96/followers","following_url":"https://api.github.com/users/yaseeen96/following{/other_user}","gists_url":"https://api.github.com/users/yaseeen96/gists{/gist_id}","starred_url":"https://api.github.com/users/yaseeen96/starred{/owner}{/repo}","subscriptions_url":"https://api.github.com/users/yaseeen96/subscriptions","organizations_url":"https://api.github.com/users/yaseeen96/orgs","repos_url":"https://api.github.com/users/yaseeen96/repos","events_url":"https://api.github.com/users/yaseeen96/events{/privacy}","received_events_url":"https://api.github.com/users/yaseeen96/received_events","type":"User","site_admin":false,"name":"Yaseen","company":null,"blog":"","location":null,"email":null,"hireable":null,"bio":"Aspiring developer with a passion for coding and learning.","twitter_username":null,"public_repos":51,"public_gists":0,"followers":7,"following":6,"created_at":"2019-07-20T21:32:56Z","updated_at":"2024-01-06T08:20:37Z","private_gists":0,"total_private_repos":8,"owned_private_repos":8,"disk_usage":226684,"collaborators":1,"two_factor_authentication":true,"plan":{"name":"free","space":976562499,"collaborators":0,"private_repos":10000}}
[info] 
[info] ✔  Success! Logged into GitHub as yaseeen96 
[info] 
[debug] [2024-01-06T08:21:12.727Z] >>> [apiv2][query] GET https://api.github.com/repos//actions/secrets/public-key type=owner
[debug] [2024-01-06T08:21:13.115Z] <<< [apiv2][status] GET https://api.github.com/repos//actions/secrets/public-key 404
[debug] [2024-01-06T08:21:13.116Z] <<< [apiv2][body] GET https://api.github.com/repos//actions/secrets/public-key {"message":"Not Found","documentation_url":"https://docs.github.com/rest"}
[info] 
[info] 
[error] ⚠  The provided authorization cannot be used with this repository. If this repository is in an organization, did you remember to grant access? 
[info] 
[info] i  Action required: Visit this URL to ensure access has been granted to the appropriate organization(s) for the Firebase CLI GitHub OAuth App: 
[info] https://github.com/settings/connections/applications/89cf50f02ac6aaed3484
[info] 
